<?xml version="1.0" encoding="UTF-8"?>
<!-- Generated by org.testng.reporters.JUnitXMLReporter -->
<testsuite ignored="3" hostname="LAPTOP-7R0J3O1P" failures="0" tests="1" name="Test" time="14.772" errors="0" timestamp="2022-10-29T23:21:16 IST">
  <testcase classname="com.mystore.testcases.TC_ProductPageTest" name="verifyAddToWishlistWithoutLogin" time="3.115"/>
  <testcase classname="com.mystore.testcases.TC_ProductPageTest" name="verifySearchProduct" time="0.0">
    <ignored/>
  </testcase> <!-- verifySearchProduct -->
  <testcase classname="com.mystore.testcases.TC_ProductPageTest" name="verifyBuyProduct" time="0.0">
    <ignored/>
  </testcase> <!-- verifyBuyProduct -->
  <testcase classname="com.mystore.testcases.TC_ProductPageTest" name="verifySignOut" time="0.0">
    <ignored/>
  </testcase> <!-- verifySignOut -->
</testsuite> <!-- Test -->
