<?xml version="1.0" encoding="UTF-8"?>
<!-- Generated by org.testng.reporters.JUnitXMLReporter -->
<testsuite hostname="LAPTOP-7R0J3O1P" ignored="3" name="Test" tests="1" failures="0" timestamp="2022-11-05T20:22:25 IST" time="48.021" errors="0">
  <testcase name="verifyAddToWishlistWithoutLogin" time="3.807" classname="com.mystore.testcases.TC_ProductPageTest"/>
  <testcase name="verifySearchProduct" time="0.0" classname="com.mystore.testcases.TC_ProductPageTest">
    <ignored/>
  </testcase> <!-- verifySearchProduct -->
  <testcase name="verifyBuyProduct" time="0.0" classname="com.mystore.testcases.TC_ProductPageTest">
    <ignored/>
  </testcase> <!-- verifyBuyProduct -->
  <testcase name="verifySignOut" time="0.0" classname="com.mystore.testcases.TC_ProductPageTest">
    <ignored/>
  </testcase> <!-- verifySignOut -->
</testsuite> <!-- Test -->
