<?xml version="1.0" encoding="UTF-8"?>
<testsuite xmlns:xsi="http://www.w3.org/2001/XMLSchema-instance" xsi:noNamespaceSchemaLocation="https://maven.apache.org/surefire/maven-surefire-plugin/xsd/surefire-test-report-3.0.xsd" version="3.0" name="TestSuite" time="51.411" tests="1" errors="0" skipped="0" failures="0">
  <properties>
[...]
</properties>
  <testcase name="verifyAddToWishlistWithoutLogin" classname="com.mystore.testcases.TC_ProductPageTest" time="4.16">
    <system-out><![CDATA[null
[INFO ] 2022-11-05 20:22:02.598 [main] MyStoreV1 - url is opened
[INFO ] 2022-11-05 20:22:02.678 [main] MyStoreV1 - 
*************verify AddTo Wishlist WithoutLogin started*********************
[INFO ] 2022-11-05 20:22:06.479 [main] MyStoreV1 - verifyAddToWishlistWithoutLogin - Passed
[INFO ] 2022-11-05 20:22:06.483 [main] MyStoreV1 - 
*************verify ddTo Wishlist Without Login ended*********************
]]></system-out>
    <system-err><![CDATA[Starting ChromeDriver 106.0.5249.61 (511755355844955cd3e264779baf0dd38212a4d0-refs/branch-heads/5249@{#569}) on port 44029
Only local connections are allowed.
Please see https://chromedriver.chromium.org/security-considerations for suggestions on keeping ChromeDriver safe.
ChromeDriver was started successfully.
Nov 05, 2022 8:21:47 PM org.openqa.selenium.remote.ProtocolHandshake createSession
INFO: Detected dialect: W3C
]]></system-err>
  </testcase>
</testsuite>