<?xml version="1.0" encoding="UTF-8"?>
<testng-results ignored="3" total="4" passed="1" failed="0" skipped="0">
  <reporter-output>
  </reporter-output>
  <suite started-at="2022-10-29T23:21:01 IST" name="Suite" finished-at="2022-10-29T23:21:16 IST" duration-ms="14772">
    <groups>
    </groups>
    <test started-at="2022-10-29T23:21:01 IST" name="Test" finished-at="2022-10-29T23:21:16 IST" duration-ms="14772">
      <class name="com.mystore.testcases.TC_ProductPageTest">
        <test-method is-config="true" signature="RunBrowser()[pri:0, instance:com.mystore.testcases.TC_ProductPageTest@6cd28fa7]" started-at="2022-10-29T23:21:02 IST" name="RunBrowser" finished-at="2022-10-29T23:21:12 IST" duration-ms="10824" status="PASS">
          <reporter-output>
          </reporter-output>
        </test-method> <!-- RunBrowser -->
        <test-method signature="verifyAddToWishlistWithoutLogin()[pri:0, instance:com.mystore.testcases.TC_ProductPageTest@6cd28fa7]" started-at="2022-10-29T23:21:12 IST" name="verifyAddToWishlistWithoutLogin" finished-at="2022-10-29T23:21:16 IST" duration-ms="3115" status="PASS">
          <reporter-output>
          </reporter-output>
        </test-method> <!-- verifyAddToWishlistWithoutLogin -->
        <test-method is-config="true" signature="tearDown()[pri:0, instance:com.mystore.testcases.TC_ProductPageTest@6cd28fa7]" started-at="2022-10-29T23:21:16 IST" name="tearDown" finished-at="2022-10-29T23:21:16 IST" duration-ms="455" status="PASS">
          <reporter-output>
          </reporter-output>
        </test-method> <!-- tearDown -->
      </class> <!-- com.mystore.testcases.TC_ProductPageTest -->
    </test> <!-- Test -->
  </suite> <!-- Suite -->
</testng-results>
